2026-04-14T12:30:59+00:00 WARNING Product feed scheduling failed: Integration not configured. : {"flow_name":"product_feed","flow_step":"schedule_feed_generation"}
2026-04-14T12:30:59+00:00 WARNING Language override feed scheduling failed: Integration not configured. : {"flow_name":"language_override_feed","flow_step":"schedule_feed_generation"}
2026-04-14T12:30:59+00:00 ERROR Error persisting error logs: Невозможно создать экземпляр API, так как отсутствует токен доступа. : []
2026-04-14T12:30:59+00:00 NOTICE Unable to detect valid feed configuration: No catalog ID
2026-04-14T12:30:59+00:00 NOTICE There was an error trying to get product set data in a catalog: Невозможно создать экземпляр API, так как отсутствует токен доступа.
2026-04-14T12:30:59+00:00 ERROR ProductSetSync exception: exception_code : 0; exception_class : WooCommerce\Facebook\Framework\Api\Exception: exception_message : Невозможно создать экземпляр API, так как отсутствует токен доступа.; exception_trace : #0 C:\OSPanel\domains\shop\wordpress\wp-content\plugins\facebook-for-woocommerce\includes\ProductSets\ProductSetSync.php(139): WC_Facebookcommerce->get_api()
#1 C:\OSPanel\domains\shop\wordpress\wp-content\plugins\facebook-for-woocommerce\includes\ProductSets\ProductSetSync.php(226): WooCommerce\Facebook\ProductSets\ProductSetSync->get_fb_product_set_id()
#2 C:\OSPanel\domains\shop\wordpress\wp-content\plugins\facebook-for-woocommerce\includes\ProductSets\ProductSetSync.php(107): WooCommerce\Facebook\ProductSets\ProductSetSync->sync_all_wc_product_categories()
#3 C:\OSPanel\domains\shop\wordpress\wp-includes\class-wp-hook.php(341): WooCommerce\Facebook\ProductSets\ProductSetSync->sync_all_product_sets()
#4 C:\OSPanel\domains\shop\wordpress\wp-includes\class-wp-hook.php(365): WP_Hook->apply_filters()
#5 C:\OSPanel\domains\shop\wordpress\wp-includes\plugin.php(570): WP_Hook->do_action()
#6 C:\OSPanel\domains\shop\wordpress\wp-content\plugins\woocommerce\packages\action-scheduler\classes\actions\ActionScheduler_Action.php(86): do_action_ref_array()
#7 C:\OSPanel\domains\shop\wordpress\wp-content\plugins\woocommerce\packages\action-scheduler\classes\abstracts\ActionScheduler_Abstract_QueueRunner.php(103): ActionScheduler_Action->execute()
#8 C:\OSPanel\domains\shop\wordpress\wp-content\plugins\woocommerce\packages\action-scheduler\classes\ActionScheduler_QueueRunner.php(188): ActionScheduler_Abstract_QueueRunner->process_action()
#9 C:\OSPanel\domains\shop\wordpress\wp-content\plugins\woocommerce\packages\action-scheduler\classes\ActionScheduler_QueueRunner.php(158): ActionScheduler_QueueRunner->do_batch()
#10 C:\OSPanel\domains\shop\wordpress\wp-includes\class-wp-hook.php(341): ActionScheduler_QueueRunner->run()
#11 C:\OSPanel\domains\shop\wordpress\wp-includes\class-wp-hook.php(365): WP_Hook->apply_filters()
#12 C:\OSPanel\domains\shop\wordpress\wp-includes\plugin.php(570): WP_Hook->do_action()
#13 C:\OSPanel\domains\shop\wordpress\wp-cron.php(191): do_action_ref_array()
#14 {main}
2026-04-14T12:30:59+00:00 ERROR Error persisting Meta logs: Невозможно создать экземпляр API, так как отсутствует токен доступа. : []
2026-04-14T12:33:17+00:00 NOTICE There was an error trying to get product set data in a catalog: Невозможно создать экземпляр API, так как отсутствует токен доступа.
2026-04-14T12:33:17+00:00 ERROR ProductSetSync exception: exception_code : 0; exception_class : WooCommerce\Facebook\Framework\Api\Exception: exception_message : Невозможно создать экземпляр API, так как отсутствует токен доступа.; exception_trace : #0 C:\OSPanel\domains\shop\wordpress\wp-content\plugins\facebook-for-woocommerce\includes\ProductSets\ProductSetSync.php(139): WC_Facebookcommerce->get_api()
#1 C:\OSPanel\domains\shop\wordpress\wp-content\plugins\facebook-for-woocommerce\includes\ProductSets\ProductSetSync.php(65): WooCommerce\Facebook\ProductSets\ProductSetSync->get_fb_product_set_id()
#2 C:\OSPanel\domains\shop\wordpress\wp-includes\class-wp-hook.php(341): WooCommerce\Facebook\ProductSets\ProductSetSync->on_create_or_update_product_wc_category_callback()
#3 C:\OSPanel\domains\shop\wordpress\wp-includes\class-wp-hook.php(365): WP_Hook->apply_filters()
#4 C:\OSPanel\domains\shop\wordpress\wp-includes\plugin.php(522): WP_Hook->do_action()
#5 C:\OSPanel\domains\shop\wordpress\wp-includes\taxonomy.php(2697): do_action()
#6 C:\OSPanel\domains\shop\wordpress\wp-admin\includes\ajax-actions.php(623): wp_insert_term()
#7 C:\OSPanel\domains\shop\wordpress\wp-includes\class-wp-hook.php(341): _wp_ajax_add_hierarchical_term()
#8 C:\OSPanel\domains\shop\wordpress\wp-includes\class-wp-hook.php(365): WP_Hook->apply_filters()
#9 C:\OSPanel\domains\shop\wordpress\wp-includes\plugin.php(522): WP_Hook->do_action()
#10 C:\OSPanel\domains\shop\wordpress\wp-admin\admin-ajax.php(192): do_action()
#11 {main}
2026-04-14T12:35:57+00:00 ERROR Error persisting Meta logs: Невозможно создать экземпляр API, так как отсутствует токен доступа. : []
2026-04-14T12:40:18+00:00 ERROR Error persisting Meta logs: Невозможно создать экземпляр API, так как отсутствует токен доступа. : []
2026-04-14T12:45:57+00:00 ERROR Error persisting Meta logs: Невозможно создать экземпляр API, так как отсутствует токен доступа. : []
2026-04-14T12:50:18+00:00 ERROR Error persisting Meta logs: Невозможно создать экземпляр API, так как отсутствует токен доступа. : []
2026-04-14T12:56:21+00:00 ERROR Error persisting Meta logs: Невозможно создать экземпляр API, так как отсутствует токен доступа. : []
2026-04-14T13:01:11+00:00 ERROR Error persisting Meta logs: Невозможно создать экземпляр API, так как отсутствует токен доступа. : []
2026-04-14T13:05:04+00:00 ERROR Error persisting Meta logs: Невозможно создать экземпляр API, так как отсутствует токен доступа. : []
2026-04-14T13:10:38+00:00 ERROR Error persisting Meta logs: Невозможно создать экземпляр API, так как отсутствует токен доступа. : []
2026-04-14T13:15:40+00:00 ERROR Error persisting Meta logs: Невозможно создать экземпляр API, так как отсутствует токен доступа. : []
2026-04-14T13:20:39+00:00 ERROR Error persisting Meta logs: Невозможно создать экземпляр API, так как отсутствует токен доступа. : []
2026-04-14T13:25:58+00:00 ERROR Error persisting Meta logs: Невозможно создать экземпляр API, так как отсутствует токен доступа. : []
2026-04-14T13:30:59+00:00 ERROR Error persisting Meta logs: Невозможно создать экземпляр API, так как отсутствует токен доступа. : []
2026-04-14T13:36:36+00:00 ERROR Error persisting Meta logs: Невозможно создать экземпляр API, так как отсутствует токен доступа. : []
2026-04-14T13:40:36+00:00 ERROR Error persisting Meta logs: Невозможно создать экземпляр API, так как отсутствует токен доступа. : []
2026-04-14T13:44:48+00:00 ERROR Error persisting Meta logs: Невозможно создать экземпляр API, так как отсутствует токен доступа. : []
2026-04-14T13:50:43+00:00 ERROR Error persisting Meta logs: Невозможно создать экземпляр API, так как отсутствует токен доступа. : []
2026-04-14T13:54:52+00:00 ERROR Error persisting Meta logs: Невозможно создать экземпляр API, так как отсутствует токен доступа. : []
2026-04-14T14:00:49+00:00 ERROR Error persisting Meta logs: Невозможно создать экземпляр API, так как отсутствует токен доступа. : []
2026-04-14T14:05:23+00:00 ERROR Error persisting Meta logs: Невозможно создать экземпляр API, так как отсутствует токен доступа. : []
2026-04-14T14:10:33+00:00 ERROR Error persisting Meta logs: Невозможно создать экземпляр API, так как отсутствует токен доступа. : []
2026-04-14T14:15:44+00:00 ERROR Error persisting Meta logs: Невозможно создать экземпляр API, так как отсутствует токен доступа. : []
2026-04-14T14:20:20+00:00 ERROR Error persisting Meta logs: Невозможно создать экземпляр API, так как отсутствует токен доступа. : []
2026-04-14T14:30:30+00:00 ERROR Error persisting Meta logs: Невозможно создать экземпляр API, так как отсутствует токен доступа. : []
2026-04-14T14:30:30+00:00 WARNING Product feed scheduling failed: Integration not configured. : {"flow_name":"product_feed","flow_step":"schedule_feed_generation"}
2026-04-14T14:30:30+00:00 WARNING Language override feed scheduling failed: Integration not configured. : {"flow_name":"language_override_feed","flow_step":"schedule_feed_generation"}
2026-04-14T14:33:45+00:00 NOTICE There was an error trying to get product set data in a catalog: Невозможно создать экземпляр API, так как отсутствует токен доступа.
2026-04-14T14:33:45+00:00 ERROR ProductSetSync exception: exception_code : 0; exception_class : WooCommerce\Facebook\Framework\Api\Exception: exception_message : Невозможно создать экземпляр API, так как отсутствует токен доступа.; exception_trace : #0 C:\OSPanel\domains\shop\wordpress\wp-content\plugins\facebook-for-woocommerce\includes\ProductSets\ProductSetSync.php(139): WC_Facebookcommerce->get_api()
#1 C:\OSPanel\domains\shop\wordpress\wp-content\plugins\facebook-for-woocommerce\includes\ProductSets\ProductSetSync.php(65): WooCommerce\Facebook\ProductSets\ProductSetSync->get_fb_product_set_id()
#2 C:\OSPanel\domains\shop\wordpress\wp-includes\class-wp-hook.php(341): WooCommerce\Facebook\ProductSets\ProductSetSync->on_create_or_update_product_wc_category_callback()
#3 C:\OSPanel\domains\shop\wordpress\wp-includes\class-wp-hook.php(365): WP_Hook->apply_filters()
#4 C:\OSPanel\domains\shop\wordpress\wp-includes\plugin.php(522): WP_Hook->do_action()
#5 C:\OSPanel\domains\shop\wordpress\wp-includes\taxonomy.php(2697): do_action()
#6 C:\OSPanel\domains\shop\wordpress\wp-admin\includes\ajax-actions.php(623): wp_insert_term()
#7 C:\OSPanel\domains\shop\wordpress\wp-includes\class-wp-hook.php(341): _wp_ajax_add_hierarchical_term()
#8 C:\OSPanel\domains\shop\wordpress\wp-includes\class-wp-hook.php(365): WP_Hook->apply_filters()
#9 C:\OSPanel\domains\shop\wordpress\wp-includes\plugin.php(522): WP_Hook->do_action()
#10 C:\OSPanel\domains\shop\wordpress\wp-admin\admin-ajax.php(192): do_action()
#11 {main}
2026-04-14T14:33:56+00:00 NOTICE При попытке синхронизировать товары с помощью пакетного API каталога для задания fd13b5dd4fb6a120064a51f5aed2c602 произошла ошибка: Невозможно создать экземпляр API, так как отсутствует токен доступа.
2026-04-14T14:35:33+00:00 NOTICE There was an error trying to get product set data in a catalog: Невозможно создать экземпляр API, так как отсутствует токен доступа.
2026-04-14T14:35:33+00:00 ERROR ProductSetSync exception: exception_code : 0; exception_class : WooCommerce\Facebook\Framework\Api\Exception: exception_message : Невозможно создать экземпляр API, так как отсутствует токен доступа.; exception_trace : #0 C:\OSPanel\domains\shop\wordpress\wp-content\plugins\facebook-for-woocommerce\includes\ProductSets\ProductSetSync.php(139): WC_Facebookcommerce->get_api()
#1 C:\OSPanel\domains\shop\wordpress\wp-content\plugins\facebook-for-woocommerce\includes\ProductSets\ProductSetSync.php(65): WooCommerce\Facebook\ProductSets\ProductSetSync->get_fb_product_set_id()
#2 C:\OSPanel\domains\shop\wordpress\wp-includes\class-wp-hook.php(341): WooCommerce\Facebook\ProductSets\ProductSetSync->on_create_or_update_product_wc_category_callback()
#3 C:\OSPanel\domains\shop\wordpress\wp-includes\class-wp-hook.php(365): WP_Hook->apply_filters()
#4 C:\OSPanel\domains\shop\wordpress\wp-includes\plugin.php(522): WP_Hook->do_action()
#5 C:\OSPanel\domains\shop\wordpress\wp-includes\taxonomy.php(2697): do_action()
#6 C:\OSPanel\domains\shop\wordpress\wp-admin\includes\ajax-actions.php(623): wp_insert_term()
#7 C:\OSPanel\domains\shop\wordpress\wp-includes\class-wp-hook.php(341): _wp_ajax_add_hierarchical_term()
#8 C:\OSPanel\domains\shop\wordpress\wp-includes\class-wp-hook.php(365): WP_Hook->apply_filters()
#9 C:\OSPanel\domains\shop\wordpress\wp-includes\plugin.php(522): WP_Hook->do_action()
#10 C:\OSPanel\domains\shop\wordpress\wp-admin\admin-ajax.php(192): do_action()
#11 {main}
2026-04-14T14:35:35+00:00 ERROR Error persisting Meta logs: Невозможно создать экземпляр API, так как отсутствует токен доступа. : []
2026-04-14T14:36:11+00:00 NOTICE При попытке синхронизировать товары с помощью пакетного API каталога для задания 03d2530d4eab253c48209a3f58c60195 произошла ошибка: Невозможно создать экземпляр API, так как отсутствует токен доступа.
2026-04-14T14:40:51+00:00 ERROR Error persisting Meta logs: Невозможно создать экземпляр API, так как отсутствует токен доступа. : []
2026-04-14T14:46:44+00:00 ERROR Error persisting Meta logs: Невозможно создать экземпляр API, так как отсутствует токен доступа. : []
2026-04-14T14:52:17+00:00 ERROR Error persisting Meta logs: Невозможно создать экземпляр API, так как отсутствует токен доступа. : []
2026-04-14T14:58:35+00:00 ERROR Error persisting Meta logs: Невозможно создать экземпляр API, так как отсутствует токен доступа. : []
2026-04-14T15:02:36+00:00 ERROR Error persisting Meta logs: Невозможно создать экземпляр API, так как отсутствует токен доступа. : []
2026-04-14T15:13:55+00:00 NOTICE При попытке синхронизировать товары с помощью пакетного API каталога для задания ffe123a0262732c3bf0b09d4ab400b00 произошла ошибка: Невозможно создать экземпляр API, так как отсутствует токен доступа.
2026-04-14T15:13:55+00:00 ERROR Error persisting Meta logs: Невозможно создать экземпляр API, так как отсутствует токен доступа. : []
2026-04-14T15:15:39+00:00 ERROR Error persisting Meta logs: Невозможно создать экземпляр API, так как отсутствует токен доступа. : []
2026-04-14T15:20:40+00:00 ERROR Error persisting Meta logs: Невозможно создать экземпляр API, так как отсутствует токен доступа. : []
2026-04-14T15:25:43+00:00 ERROR Error persisting Meta logs: Невозможно создать экземпляр API, так как отсутствует токен доступа. : []
2026-04-14T15:30:15+00:00 ERROR Error persisting Meta logs: Невозможно создать экземпляр API, так как отсутствует токен доступа. : []
2026-04-14T15:35:09+00:00 ERROR Error persisting Meta logs: Невозможно создать экземпляр API, так как отсутствует токен доступа. : []
2026-04-14T15:40:40+00:00 ERROR Error persisting Meta logs: Невозможно создать экземпляр API, так как отсутствует токен доступа. : []
2026-04-14T15:45:53+00:00 ERROR Error persisting Meta logs: Невозможно создать экземпляр API, так как отсутствует токен доступа. : []
2026-04-14T15:49:55+00:00 ERROR Error persisting Meta logs: Невозможно создать экземпляр API, так как отсутствует токен доступа. : []
